<?xml version='1.0' encoding='UTF-8'?>
<declaration>
  <identifiant>
    <flux>1</flux>
    <compartiment>01</compartiment>
    <typeCompartiment>01</typeCompartiment>
    <etablissementDeclaran>01</etablissementDeclaran>
    <dateDeclaration>28042021</dateDeclaration>
    <nbreEnregistrements>4</nbreEnregistrements>
  </identifiant>
  <contenu>
    <operation>
      <datePosition>20042021</datePosition>
      <devise>JBP</devise>
      <avoirBilan>1039.1</avoirBilan>
      <engagementBilan>0.0</engagementBilan>
      <avoirSpotHorsBilan>0.0</avoirSpotHorsBilan>
      <avoirTermeHorsBilan>0.0</avoirTermeHorsBilan>
      <engagementSpoHorsBilan>0.0</engagementSpoHorsBilan>
      <engagementTermeHorsBilan>0.0</engagementTermeHorsBilan>
      <couverturePositionOptionnelle>0</couverturePositionOptionnelle>
      <equivalentDelta>0</equivalentDelta>
      <totalPosition>1039.1</totalPosition>
      <contreValeurPosition>2521.58</contreValeurPosition>
      <fondPropre>9.21342117E8</fondPropre>
    </operation>
    <operation>
      <datePosition>21042021</datePosition>
      <devise>AED</devise>
      <avoirBilan>1039.1</avoirBilan>
      <engagementBilan>0.0</engagementBilan>
      <avoirSpotHorsBilan>0.0</avoirSpotHorsBilan>
      <avoirTermeHorsBilan>0.0</avoirTermeHorsBilan>
      <engagementSpoHorsBilan>0.0</engagementSpoHorsBilan>
      <engagementTermeHorsBilan>0.0</engagementTermeHorsBilan>
      <couverturePositionOptionnelle>0</couverturePositionOptionnelle>
      <equivalentDelta>0</equivalentDelta>
      <totalPosition>1039.1</totalPosition>
      <contreValeurPosition>2521.58</contreValeurPosition>
      <fondPropre>9.21342117E8</fondPropre>
    </operation>
    <operation>
      <datePosition>22042021</datePosition>
      <devise>MAD</devise>
      <avoirBilan>1039.1</avoirBilan>
      <engagementBilan>0.0</engagementBilan>
      <avoirSpotHorsBilan>0.0</avoirSpotHorsBilan>
      <avoirTermeHorsBilan>0.0</avoirTermeHorsBilan>
      <engagementSpoHorsBilan>0.0</engagementSpoHorsBilan>
      <engagementTermeHorsBilan>0.0</engagementTermeHorsBilan>
      <couverturePositionOptionnelle>0</couverturePositionOptionnelle>
      <equivalentDelta>0</equivalentDelta>
      <totalPosition>1039.1</totalPosition>
      <contreValeurPosition>2521.58</contreValeurPosition>
      <fondPropre>9.21342117E8</fondPropre>
    </operation>
    <operation>
      <datePosition>23042021</datePosition>
      <devise>EUR</devise>
      <avoirBilan>1039.1</avoirBilan>
      <engagementBilan>0.0</engagementBilan>
      <avoirSpotHorsBilan>0.0</avoirSpotHorsBilan>
      <avoirTermeHorsBilan>0.0</avoirTermeHorsBilan>
      <engagementSpoHorsBilan>0.0</engagementSpoHorsBilan>
      <engagementTermeHorsBilan>0.0</engagementTermeHorsBilan>
      <couverturePositionOptionnelle>0</couverturePositionOptionnelle>
      <equivalentDelta>0</equivalentDelta>
      <totalPosition>1039.1</totalPosition>
      <contreValeurPosition>2521.58</contreValeurPosition>
      <fondPropre>9.21342117E8</fondPropre>
    </operation>
  </contenu>
</declaration>
